<?xml version="1.0" encoding="UTF-8" standalone="no"?>
<testsuite errors="0" failures="0" name="io.cucumber.core.plugin.JUnitFormatter" skipped="0" tests="2" time="14.993">
<testcase classname="simple login feature on example.testproject.io/web" name="Validate simple login automation steps" time="8.164">
<system-out><![CDATA[Given webbrowser is open....................................................passed
And user is now on login page...............................................passed
When user enters his Amit and 12345.........................................passed
And login button is pressed.................................................passed
Then user navigated to home page............................................passed
]]></system-out>
</testcase>
<testcase classname="simple login feature on example.testproject.io/web" name="Validate simple login automation steps 2" time="6.243">
<system-out><![CDATA[Given webbrowser is open....................................................passed
And user is now on login page...............................................passed
When user enters his Ele and 12345..........................................passed
And login button is pressed.................................................passed
Then user navigated to home page............................................passed
]]></system-out>
</testcase>
</testsuite>
